[debug] [2023-07-26T06:05:31.558Z] ----------------------------------------------------------------------
[debug] [2023-07-26T06:05:31.561Z] Command:       C:\Program Files\nodejs\node.exe C:\Users\rakes\AppData\Roaming\npm\node_modules\firebase-tools\lib\bin\firebase.js init
[debug] [2023-07-26T06:05:31.562Z] CLI Version:   12.4.6
[debug] [2023-07-26T06:05:31.562Z] Platform:      win32
[debug] [2023-07-26T06:05:31.562Z] Node Version:  v16.14.0
[debug] [2023-07-26T06:05:31.564Z] Time:          Wed Jul 26 2023 11:35:31 GMT+0530 (India Standard Time)
[debug] [2023-07-26T06:05:31.565Z] ----------------------------------------------------------------------
[debug] 
[debug] [2023-07-26T06:05:31.573Z] >>> [apiv2][query] GET https://firebase-public.firebaseio.com/cli.json [none]
[debug] [2023-07-26T06:05:31.605Z] > command requires scopes: ["email","openid","https://www.googleapis.com/auth/cloudplatformprojects.readonly","https://www.googleapis.com/auth/firebase","https://www.googleapis.com/auth/cloud-platform"]
[debug] [2023-07-26T06:05:31.605Z] > authorizing via signed-in user (rakeshraki2453@gmail.com)
[info] 
     ######## #### ########  ######## ########     ###     ######  ########
     ##        ##  ##     ## ##       ##     ##  ##   ##  ##       ##
     ######    ##  ########  ######   ########  #########  ######  ######
     ##        ##  ##    ##  ##       ##     ## ##     ##       ## ##
     ##       #### ##     ## ######## ########  ##     ##  ######  ########

You're about to initialize a Firebase project in this directory:

  C:\Workspace\music-player

Before we get started, keep in mind:

  * You are currently outside your home directory

[debug] [2023-07-26T06:05:32.205Z] <<< [apiv2][status] GET https://firebase-public.firebaseio.com/cli.json 200
[debug] [2023-07-26T06:05:32.206Z] <<< [apiv2][body] GET https://firebase-public.firebaseio.com/cli.json {"cloudBuildErrorAfter":1594252800000,"cloudBuildWarnAfter":1590019200000,"defaultNode10After":1594252800000,"minVersion":"3.0.5","node8DeploysDisabledAfter":1613390400000,"node8RuntimeDisabledAfter":1615809600000,"node8WarnAfter":1600128000000}
